Started GET "/" for 127.0.0.1 at 2023-08-22 16:12:42 +0800
Processing by Rails::WelcomeController#index as HTML
  Rendering /home/student/.asdf/installs/ruby/3.2.2/lib/ruby/gems/3.2.0/gems/railties-7.0.7/lib/rails/templates/rails/welcome/index.html.erb
  Rendered /home/student/.asdf/installs/ruby/3.2.2/lib/ruby/gems/3.2.0/gems/railties-7.0.7/lib/rails/templates/rails/welcome/index.html.erb (Duration: 2.0ms | Allocations: 633)
Completed 200 OK in 16ms (Views: 5.7ms | ActiveRecord: 0.0ms | Allocations: 7368)


Started GET "/" for 127.0.0.1 at 2023-08-22 16:22:26 +0800
Processing by Rails::WelcomeController#index as HTML
  Rendering /home/student/.asdf/installs/ruby/3.2.2/lib/ruby/gems/3.2.0/gems/railties-7.0.7/lib/rails/templates/rails/welcome/index.html.erb
  Rendered /home/student/.asdf/installs/ruby/3.2.2/lib/ruby/gems/3.2.0/gems/railties-7.0.7/lib/rails/templates/rails/welcome/index.html.erb (Duration: 0.8ms | Allocations: 272)
Completed 200 OK in 3ms (Views: 1.8ms | ActiveRecord: 0.0ms | Allocations: 903)


Started GET "/" for 127.0.0.1 at 2023-08-22 16:22:47 +0800
Processing by Rails::WelcomeController#index as HTML
  Rendering /home/student/.asdf/installs/ruby/3.2.2/lib/ruby/gems/3.2.0/gems/railties-7.0.7/lib/rails/templates/rails/welcome/index.html.erb
  Rendered /home/student/.asdf/installs/ruby/3.2.2/lib/ruby/gems/3.2.0/gems/railties-7.0.7/lib/rails/templates/rails/welcome/index.html.erb (Duration: 0.1ms | Allocations: 13)
Completed 200 OK in 1ms (Views: 0.7ms | ActiveRecord: 0.0ms | Allocations: 213)


Started GET "/" for 127.0.0.1 at 2023-08-22 16:23:27 +0800
Processing by HomeController#index as HTML
  Rendering layout layouts/application.html.erb
  Rendering home/index.html.erb within layouts/application
  Rendered home/index.html.erb within layouts/application (Duration: 0.7ms | Allocations: 107)
  Rendered layout layouts/application.html.erb (Duration: 356.3ms | Allocations: 85974)
Completed 200 OK in 359ms (Views: 357.6ms | ActiveRecord: 0.0ms | Allocations: 86865)


